<?xml version="1.0" encoding="UTF-8"?>
<!-- Generated by org.testng.reporters.JUnitReportReporter -->
<testsuite hostname="HeartPC" failures="0" tests="1" name="End2EndProjects.Guru99Bank.AppTest" time="12.665" errors="0" timestamp="2023-01-01T12:37:59 SGT" skipped="0">
  <testcase classname="End2EndProjects.Guru99Bank.AppTest" name="changePassword" time="12.665"/>
  <system-out/>
</testsuite> <!-- End2EndProjects.Guru99Bank.AppTest -->
